<?xml version="1.0" encoding="UTF-8"?>
<!-- Generated by org.testng.reporters.JUnitReportReporter -->
<testsuite skipped="0" hostname="DESKTOP-6NK1CKP" name="GittiGidiyorMain.GittiGidiyorFrameworkk.urun_test" tests="1" failures="0" timestamp="02 Haz 2021 06:33:46 GMT" time="50.797" errors="0">
  <testcase name="uruntest" time="50.797" classname="GittiGidiyorMain.GittiGidiyorFrameworkk.urun_test"/>
</testsuite> <!-- GittiGidiyorMain.GittiGidiyorFrameworkk.urun_test -->
