<?xml version="1.0" encoding="UTF-8"?>
<!-- Generated by org.testng.reporters.JUnitReportReporter -->
<testsuite skipped="0" hostname="DESKTOP-6NK1CKP" name="GittiGidiyorMain.GittiGidiyorFrameworkk.giriskontrol" tests="1" failures="0" timestamp="02 Haz 2021 06:33:46 GMT" time="38.498" errors="0">
  <testcase name="eksik_sifre" time="38.498" classname="GittiGidiyorMain.GittiGidiyorFrameworkk.giriskontrol"/>
</testsuite> <!-- GittiGidiyorMain.GittiGidiyorFrameworkk.giriskontrol -->
